# JRE version: Java(TM) SE Runtime Environment (8.0_20-b26) (build 1.8.0_20-b26)
# Java VM: Java HotSpot(TM) 64-Bit Server VM (25.20-b23 mixed mode linux-amd64 compressed oops)
Heap:
 PSYoungGen      total 17408K, used 997K [0x00000000eab00000, 0x00000000ebd00000, 0x0000000100000000)
  eden space 16384K, 0% used [0x00000000eab00000,0x00000000eab00000,0x00000000ebb00000)
  from space 1024K, 97% used [0x00000000ebb00000,0x00000000ebbf9520,0x00000000ebc00000)
  to   space 1024K, 0% used [0x00000000ebc00000,0x00000000ebc00000,0x00000000ebd00000)
 ParOldGen       total 20480K, used 8174K [0x00000000c0000000, 0x00000000c1400000, 0x00000000eab00000)
  object space 20480K, 39% used [0x00000000c0000000,0x00000000c07fbb48,0x00000000c1400000)
 Metaspace       used 5481K, capacity 6768K, committed 7040K, reserved 1056768K
  class space    used 543K, capacity 616K, committed 640K, reserved 1048576K
GC Heap History (9 events):
Event: 1,185 GC heap before
{Heap before GC invocations=1 (full 0):
 PSYoungGen      total 9216K, used 8192K [0x00000000eab00000, 0x00000000eb500000, 0x0000000100000000)
  eden space 8192K, 100% used [0x00000000eab00000,0x00000000eb300000,0x00000000eb300000)
  from space 1024K, 0% used [0x00000000eb400000,0x00000000eb400000,0x00000000eb500000)
  to   space 1024K, 0% used [0x00000000eb300000,0x00000000eb300000,0x00000000eb400000)
 ParOldGen       total 20480K, used 0K [0x00000000c0000000, 0x00000000c1400000, 0x00000000eab00000)
  object space 20480K, 0% used [0x00000000c0000000,0x00000000c0000000,0x00000000c1400000)
 Metaspace       used 4820K, capacity 6192K, committed 6272K, reserved 1056768K
  class space    used 536K, capacity 616K, committed 640K, reserved 1048576K
Event: 1,190 GC heap after
Heap after GC invocations=1 (full 0):
 PSYoungGen      total 9216K, used 993K [0x00000000eab00000, 0x00000000eb500000, 0x0000000100000000)
  eden space 8192K, 0% used [0x00000000eab00000,0x00000000eab00000,0x00000000eb300000)
  from space 1024K, 97% used [0x00000000eb300000,0x00000000eb3f8718,0x00000000eb400000)
  to   space 1024K, 0% used [0x00000000eb400000,0x00000000eb400000,0x00000000eb500000)
 ParOldGen       total 20480K, used 1813K [0x00000000c0000000, 0x00000000c1400000, 0x00000000eab00000)
  object space 20480K, 8% used [0x00000000c0000000,0x00000000c01c56b8,0x00000000c1400000)
 Metaspace       used 4820K, capacity 6192K, committed 6272K, reserved 1056768K
  class space    used 536K, capacity 616K, committed 640K, reserved 1048576K
}
Event: 1,573 GC heap before
{Heap before GC invocations=2 (full 0):
 PSYoungGen      total 9216K, used 9185K [0x00000000eab00000, 0x00000000eb500000, 0x0000000100000000)
  eden space 8192K, 100% used [0x00000000eab00000,0x00000000eb300000,0x00000000eb300000)
  from space 1024K, 97% used [0x00000000eb300000,0x00000000eb3f8718,0x00000000eb400000)
  to   space 1024K, 0% used [0x00000000eb400000,0x00000000eb400000,0x00000000eb500000)
 ParOldGen       total 20480K, used 1813K [0x00000000c0000000, 0x00000000c1400000, 0x00000000eab00000)
  object space 20480K, 8% used [0x00000000c0000000,0x00000000c01c56b8,0x00000000c1400000)
 Metaspace       used 5167K, capacity 6448K, committed 6528K, reserved 1056768K
  class space    used 538K, capacity 616K, committed 640K, reserved 1048576K
Event: 1,580 GC heap after
Heap after GC invocations=2 (full 0):
 PSYoungGen      total 9216K, used 1008K [0x00000000eab00000, 0x00000000ebd00000, 0x0000000100000000)
  eden space 8192K, 0% used [0x00000000eab00000,0x00000000eab00000,0x00000000eb300000)
  from space 1024K, 98% used [0x00000000eb400000,0x00000000eb4fc030,0x00000000eb500000)
  to   space 1024K, 0% used [0x00000000eb300000,0x00000000eb300000,0x00000000eb400000)
 ParOldGen       total 20480K, used 2880K [0x00000000c0000000, 0x00000000c1400000, 0x00000000eab00000)
  object space 20480K, 14% used [0x00000000c0000000,0x00000000c02d02a0,0x00000000c1400000)
 Metaspace       used 5167K, capacity 6448K, committed 6528K, reserved 1056768K
  class space    used 538K, capacity 616K, committed 640K, reserved 1048576K
}
Event: 1,868 GC heap before
{Heap before GC invocations=3 (full 0):
 PSYoungGen      total 9216K, used 9200K [0x00000000eab00000, 0x00000000ebd00000, 0x0000000100000000)
  eden space 8192K, 100% used [0x00000000eab00000,0x00000000eb300000,0x00000000eb300000)
  from space 1024K, 98% used [0x00000000eb400000,0x00000000eb4fc030,0x00000000eb500000)
  to   space 1024K, 0% used [0x00000000eb300000,0x00000000eb300000,0x00000000eb400000)
 ParOldGen       total 20480K, used 2880K [0x00000000c0000000, 0x00000000c1400000, 0x00000000eab00000)
  object space 20480K, 14% used [0x00000000c0000000,0x00000000c02d02a0,0x00000000c1400000)
 Metaspace       used 5317K, capacity 6576K, committed 6784K, reserved 1056768K
  class space    used 539K, capacity 616K, committed 640K, reserved 1048576K
Event: 1,876 GC heap after
Heap after GC invocations=3 (full 0):
 PSYoungGen      total 9216K, used 1021K [0x00000000eab00000, 0x00000000ebd00000, 0x0000000100000000)
  eden space 8192K, 0% used [0x00000000eab00000,0x00000000eab00000,0x00000000eb300000)
  from space 1024K, 99% used [0x00000000eb300000,0x00000000eb3ff560,0x00000000eb400000)
  to   space 1024K, 0% used [0x00000000ebc00000,0x00000000ebc00000,0x00000000ebd00000)
 ParOldGen       total 20480K, used 4176K [0x00000000c0000000, 0x00000000c1400000, 0x00000000eab00000)
  object space 20480K, 20% used [0x00000000c0000000,0x00000000c0414378,0x00000000c1400000)
 Metaspace       used 5317K, capacity 6576K, committed 6784K, reserved 1056768K
  class space    used 539K, capacity 616K, committed 640K, reserved 1048576K
}
Event: 2,033 GC heap before
{Heap before GC invocations=4 (full 0):
 PSYoungGen      total 9216K, used 9213K [0x00000000eab00000, 0x00000000ebd00000, 0x0000000100000000)
  eden space 8192K, 99% used [0x00000000eab00000,0x00000000eb2ffff8,0x00000000eb300000)
  from space 1024K, 99% used [0x00000000eb300000,0x00000000eb3ff560,0x00000000eb400000)
  to   space 1024K, 0% used [0x00000000ebc00000,0x00000000ebc00000,0x00000000ebd00000)
 ParOldGen       total 20480K, used 4176K [0x00000000c0000000, 0x00000000c1400000, 0x00000000eab00000)
  object space 20480K, 20% used [0x00000000c0000000,0x00000000c0414378,0x00000000c1400000)
 Metaspace       used 5408K, capacity 6704K, committed 6784K, reserved 1056768K
  class space    used 541K, capacity 616K, committed 640K, reserved 1048576K
Event: 2,041 GC heap after
Heap after GC invocations=4 (full 0):
 PSYoungGen      total 17408K, used 1005K [0x00000000eab00000, 0x00000000ebd00000, 0x0000000100000000)
  eden space 16384K, 0% used [0x00000000eab00000,0x00000000eab00000,0x00000000ebb00000)
  from space 1024K, 98% used [0x00000000ebc00000,0x00000000ebcfb7e0,0x00000000ebd00000)
  to   space 1024K, 0% used [0x00000000ebb00000,0x00000000ebb00000,0x00000000ebc00000)
 ParOldGen       total 20480K, used 5495K [0x00000000c0000000, 0x00000000c1400000, 0x00000000eab00000)
  object space 20480K, 26% used [0x00000000c0000000,0x00000000c055dc58,0x00000000c1400000)
 Metaspace       used 5408K, capacity 6704K, committed 6784K, reserved 1056768K
  class space    used 541K, capacity 616K, committed 640K, reserved 1048576K
}
Event: 2,286 GC heap before
{Heap before GC invocations=5 (full 0):
 PSYoungGen      total 17408K, used 17389K [0x00000000eab00000, 0x00000000ebd00000, 0x0000000100000000)
  eden space 16384K, 100% used [0x00000000eab00000,0x00000000ebb00000,0x00000000ebb00000)
  from space 1024K, 98% used [0x00000000ebc00000,0x00000000ebcfb7e0,0x00000000ebd00000)
  to   space 1024K, 0% used [0x00000000ebb00000,0x00000000ebb00000,0x00000000ebc00000)
 ParOldGen       total 20480K, used 5495K [0x00000000c0000000, 0x00000000c1400000, 0x00000000eab00000)
  object space 20480K, 26% used [0x00000000c0000000,0x00000000c055dc58,0x00000000c1400000)
 Metaspace       used 5481K, capacity 6768K, committed 7040K, reserved 1056768K
  class space    used 543K, capacity 616K, committed 640K, reserved 1048576K

